<?xml version="1.0" encoding="UTF-8"?>
<testsuite name="com.wildbond.data.ElementChartTest" tests="4" skipped="0" failures="0" errors="0" timestamp="2026-09-04T01:53:44.160Z" hostname="DESKTOP-RQGQ0JB" time="0.057">
  <properties/>
  <testcase name="neutralElementIsAlwaysNeutral()" classname="com.wildbond.data.ElementChartTest" time="0.052"/>
  <testcase name="chartIsNotSymmetric()" classname="com.wildbond.data.ElementChartTest" time="0.001"/>
  <testcase name="multipliersAreOneOfThreeSteps()" classname="com.wildbond.data.ElementChartTest" time="0.0"/>
  <testcase name="axisMatchesElementEnum()" classname="com.wildbond.data.ElementChartTest" time="0.001"/>
  <system-out><![CDATA[]]></system-out>
  <system-err><![CDATA[]]></system-err>
</testsuite>
