<?xml version="1.0" encoding="UTF-8"?>
<testsuite name="com.wildbond.sim.SimSpawnTest" tests="2" skipped="0" failures="0" errors="0" timestamp="2026-09-04T08:23:43.235Z" hostname="DESKTOP-RQGQ0JB" time="0.004">
  <properties/>
  <testcase name="stableIdsAreAssignedInAscendingSpawnOrder()" classname="com.wildbond.sim.SimSpawnTest" time="0.0"/>
  <testcase name="spawnPlayerCreatesEntityWithExpectedState()" classname="com.wildbond.sim.SimSpawnTest" time="0.003"/>
  <system-out><![CDATA[]]></system-out>
  <system-err><![CDATA[]]></system-err>
</testsuite>
