<?xml version="1.0" encoding="UTF-8"?>
<testsuite name="com.wildbond.sim.ArchitectureTest" tests="6" skipped="0" failures="0" errors="0" timestamp="2026-09-04T08:23:43.247Z" hostname="DESKTOP-RQGQ0JB" time="0.689">
  <properties/>
  <testcase name="noLibgdx" classname="com.wildbond.sim.ArchitectureTest" time="0.681"/>
  <testcase name="noNetworking" classname="com.wildbond.sim.ArchitectureTest" time="0.001"/>
  <testcase name="noJdkRandom" classname="com.wildbond.sim.ArchitectureTest" time="0.003"/>
  <testcase name="noLogging" classname="com.wildbond.sim.ArchitectureTest" time="0.001"/>
  <testcase name="noStandardStreams" classname="com.wildbond.sim.ArchitectureTest" time="0.002"/>
  <testcase name="componentsOnlyUsedBySystems" classname="com.wildbond.sim.ArchitectureTest" time="0.0"/>
  <system-out><![CDATA[]]></system-out>
  <system-err><![CDATA[]]></system-err>
</testsuite>
