<?xml version="1.0" encoding="UTF-8"?>
<testsuite name="com.wildbond.sim.CombatSystemTest" tests="4" skipped="0" failures="0" errors="0" timestamp="2026-09-04T08:23:43.078Z" hostname="DESKTOP-RQGQ0JB" time="0.127">
  <properties/>
  <testcase name="cooldownBlocksReuseUntilItExpires()" classname="com.wildbond.sim.CombatSystemTest" time="0.11"/>
  <testcase name="sameSeedReproducesCriticalSequence()" classname="com.wildbond.sim.CombatSystemTest" time="0.009"/>
  <testcase name="targetDiesAndIsRemovedFiveSecondsLater()" classname="com.wildbond.sim.CombatSystemTest" time="0.007"/>
  <testcase name="projectileStopsAtSolidTileAndNeverDamagesTargetBeyondIt()" classname="com.wildbond.sim.CombatSystemTest" time="0.001"/>
  <system-out><![CDATA[]]></system-out>
  <system-err><![CDATA[]]></system-err>
</testsuite>
