<?xml version="1.0" encoding="UTF-8"?>
<testsuite name="com.wildbond.sim.RngTest" tests="5" skipped="0" failures="0" errors="0" timestamp="2026-09-04T08:23:43.228Z" hostname="DESKTOP-RQGQ0JB" time="0.006">
  <properties/>
  <testcase name="nextFloatStaysInUnitRange()" classname="com.wildbond.sim.RngTest" time="0.002"/>
  <testcase name="differentSeedsDiverge()" classname="com.wildbond.sim.RngTest" time="0.0"/>
  <testcase name="nextIntRespectsBound()" classname="com.wildbond.sim.RngTest" time="0.002"/>
  <testcase name="sameSeedProducesSameSequence()" classname="com.wildbond.sim.RngTest" time="0.001"/>
  <testcase name="streamsAreIndependent()" classname="com.wildbond.sim.RngTest" time="0.0"/>
  <system-out><![CDATA[]]></system-out>
  <system-err><![CDATA[]]></system-err>
</testsuite>
