<?xml version="1.0" encoding="UTF-8"?>
<testsuite name="com.wildbond.tools.chunk.ChunkCompilerTest" tests="5" skipped="0" failures="0" errors="0" timestamp="2026-09-04T01:53:44.185Z" hostname="DESKTOP-RQGQ0JB" time="0.073">
  <properties/>
  <testcase name="cliffLineSpansTwoChunksVertically()" classname="com.wildbond.tools.chunk.ChunkCompilerTest" time="0.056"/>
  <testcase name="producesFourChunksFor64x64Map()" classname="com.wildbond.tools.chunk.ChunkCompilerTest" time="0.006"/>
  <testcase name="pondTileCompilesToWaterCollision()" classname="com.wildbond.tools.chunk.ChunkCompilerTest" time="0.003"/>
  <testcase name="plainGrassTileHasNoCollision()" classname="com.wildbond.tools.chunk.ChunkCompilerTest" time="0.001"/>
  <testcase name="threeStoneResourceNodesAreAssignedToTheirOwningChunks()" classname="com.wildbond.tools.chunk.ChunkCompilerTest" time="0.006"/>
  <system-out><![CDATA[]]></system-out>
  <system-err><![CDATA[]]></system-err>
</testsuite>
